Arguments: 
  C:\Program Files\nodejs\node.exe C:\Program Files (x86)\Yarn\bin\yarn.js add typescript

PATH: 
  C:\Program Files\PowerShell\7;C:\Program Files (x86)\Common Files\Oracle\Java\javapath;C:\Users\gusta\AppData\Local\Programs\Python\Python310\Scripts\;C:\Users\gusta\AppData\Local\Programs\Python\Python310\;C:\WINDOWS\system32;C:\WINDOWS;C:\WINDOWS\System32\Wbem;C:\WINDOWS\System32\WindowsPowerShell\v1.0\;C:\WINDOWS\System32\OpenSSH\;C:\Program Files\dotnet\;C:\ProgramData\chocolatey\bin;C:\Program Files\nodejs\;C:\Program Files\Microsoft VS Code\bin;C:\Program Files (x86)\Yarn\bin\;C:\Program Files\OpenJDK\openjdk-11.0.13_8\bin;C:\Program Files (x86)\dotnet\;C:\Program Files\Docker\Docker\resources\bin;C:\ProgramData\DockerDesktop\version-bin;C:\Users\gusta\AppData\Local\Android\Sdk\emulator;C:\Users\gusta\AppData\Local\Android\Sdk\tools;C:\Users\gusta\AppData\Local\Android\Sdk\tools\bin;C:\Users\gusta\AppData\Local\Android\Sdk\platform-tools;C:\Program Files\PowerShell\7\;d:\Program Files\Git\cmd;d:\Users\gusta\anaconda3;d:\Users\gusta\anaconda3\Library\mingw-w64\bin;d:\Users\gusta\anaconda3\Library\usr\bin;d:\Users\gusta\anaconda3\Library\bin;d:\Users\gusta\anaconda3\Scripts;C:\Users\gusta\AppData\Local\Microsoft\WindowsApps;C:\Users\gusta\AppData\Roaming\npm;C:\Users\gusta\AppData\Local\Yarn\bin;C:\Users\gusta\AppData\Local\GitHubDesktop\bin;d:\Program Files\Docker Toolbox;C:\flutter_windows_3.3.2-stable\flutter\bin;

Yarn version: 
  1.22.15

Node version: 
  16.13.0

Platform: 
  win32 x64

Trace: 
  Error: EPERM: operation not permitted, copyfile 'C:\Users\gusta\AppData\Local\Yarn\Cache\v6\npm-typescript-4.9.4-a2a3d2756c079abda241d75f149df9d561091e78-integrity\node_modules\typescript\bin\tsc' -> 'G:\Outros computadores\Meu modelo Laptop\iff\7º período\Inteligencia\1 periodo\PROBLEMA CAMINHÃO\node_modules\typescript\bin\tsc'

npm manifest: 
  {
    "name": "problema-caminhao",
    "version": "1.0.0",
    "description": "",
    "main": "main.js",
    "scripts": {
      "test": "echo \"Error: no test specified\" && exit 1"
    },
    "author": "",
    "license": "ISC",
    "type": "module"
  }

yarn manifest: 
  No manifest

Lockfile: 
  No lockfile
